<?xml version="1.0" encoding="UTF-8"?>
<!-- Generated by org.testng.reporters.JUnitXMLReporter -->
<testsuite hostname="HGCEKQ3" name="Test" tests="6" failures="0" timestamp="4 Aug 2020 11:00:25 GMT" time="2.91" errors="0">
  <testcase name="postRequestTC" time="2.478" classname="org.testing.testScripts.postRequestTestCase"/>
  <testcase name="TestCaseGet" time="0.095" classname="org.testing.testScripts.getRequestTC"/>
  <testcase name="TestCaseGetQueryParams" time="0.069" classname="org.testing.testScripts.getRequestUsingQueryParams"/>
  <testcase name="putRequest" time="0.133" classname="org.testing.testScripts.PutRequestTestCase"/>
  <testcase name="patchRequest" time="0.048" classname="org.testing.testScripts.patchRequestTestCase"/>
  <testcase name="deleteRequestTC" time="0.032" classname="org.testing.testScripts.deleteRequestTestCase"/>
</testsuite> <!-- Test -->
