<?xml version="1.0" encoding="UTF-8"?>
<!-- Generated by org.testng.reporters.JUnitXMLReporter -->
<testsuite hostname="HGCEKQ3" name="Test" tests="6" failures="0" timestamp="14 Aug 2020 20:02:20 GMT" time="15.255" errors="0">
  <testcase name="postRequestTC" time="3.512" classname="org.testing.testScripts.postRequestTestCase"/>
  <testcase name="TestCaseGet" time="0.088" classname="org.testing.testScripts.getRequestTC"/>
  <testcase name="TestCaseGetQueryParams" time="0.111" classname="org.testing.testScripts.getRequestUsingQueryParams"/>
  <testcase name="putRequest" time="0.113" classname="org.testing.testScripts.PutRequestTestCase"/>
  <testcase name="patchRequest" time="0.083" classname="org.testing.testScripts.patchRequestTestCase"/>
  <testcase name="deleteRequestTC" time="11.305" classname="org.testing.testScripts.deleteRequestTestCase"/>
</testsuite> <!-- Test -->
