<?xml version="1.0" encoding="UTF-8"?>
<!-- Generated by org.testng.reporters.JUnitXMLReporter -->
<testsuite hostname="HGCEKQ3" name="Test" tests="6" failures="0" timestamp="12 Aug 2020 07:43:35 GMT" time="2.374" errors="0">
  <testcase name="postRequestTC" time="2.061" classname="org.testing.testScripts.postRequestTestCase"/>
  <testcase name="TestCaseGet" time="0.064" classname="org.testing.testScripts.getRequestTC"/>
  <testcase name="TestCaseGetQueryParams" time="0.046" classname="org.testing.testScripts.getRequestUsingQueryParams"/>
  <testcase name="putRequest" time="0.049" classname="org.testing.testScripts.PutRequestTestCase"/>
  <testcase name="patchRequest" time="0.083" classname="org.testing.testScripts.patchRequestTestCase"/>
  <testcase name="deleteRequestTC" time="0.047" classname="org.testing.testScripts.deleteRequestTestCase"/>
</testsuite> <!-- Test -->
