<?xml version="1.0" encoding="UTF-8"?>
<testsuite name="TestSuite" time="2.353" tests="6" errors="0" skipped="0" failures="0">
  <properties>
[...]
</properties>
  <testcase name="postRequestTC" classname="org.testing.testScripts.postRequestTestCase" time="2.061"/>
  <testcase name="TestCaseGet" classname="org.testing.testScripts.getRequestTC" time="0.064"/>
  <testcase name="TestCaseGetQueryParams" classname="org.testing.testScripts.getRequestUsingQueryParams" time="0.047"/>
  <testcase name="putRequest" classname="org.testing.testScripts.PutRequestTestCase" time="0.05"/>
  <testcase name="patchRequest" classname="org.testing.testScripts.patchRequestTestCase" time="0.083"/>
  <testcase name="deleteRequestTC" classname="org.testing.testScripts.deleteRequestTestCase" time="0.048"/>
</testsuite>