<?xml version="1.0" encoding="UTF-8"?>
<testng-results skipped="0" failed="0" total="6" passed="6">
  <reporter-output>
  </reporter-output>
  <suite name="Default suite" duration-ms="12980" started-at="2020-08-26T08:04:10Z" finished-at="2020-08-26T08:04:23Z">
    <groups>
    </groups>
    <test name="Default test" duration-ms="12980" started-at="2020-08-26T08:04:10Z" finished-at="2020-08-26T08:04:23Z">
      <class name="org.testing.testScripts.postRequestTestCase">
        <test-method status="PASS" signature="postRequestTC()[pri:0, instance:org.testing.testScripts.postRequestTestCase@42d80b78]" name="postRequestTC" duration-ms="3127" started-at="2020-08-26T13:34:10Z" finished-at="2020-08-26T13:34:13Z">
          <reporter-output>
          </reporter-output>
        </test-method> <!-- postRequestTC -->
      </class> <!-- org.testing.testScripts.postRequestTestCase -->
      <class name="org.testing.testScripts.patchRequestTestCase">
        <test-method status="PASS" signature="patchRequest()[pri:0, instance:org.testing.testScripts.patchRequestTestCase@3bfdc050]" name="patchRequest" duration-ms="64" started-at="2020-08-26T13:34:14Z" finished-at="2020-08-26T13:34:14Z">
          <reporter-output>
          </reporter-output>
        </test-method> <!-- patchRequest -->
      </class> <!-- org.testing.testScripts.patchRequestTestCase -->
      <class name="org.testing.testScripts.getRequestTC">
        <test-method status="PASS" signature="TestCaseGet()[pri:0, instance:org.testing.testScripts.getRequestTC@5e3a8624]" name="TestCaseGet" duration-ms="102" started-at="2020-08-26T13:34:14Z" finished-at="2020-08-26T13:34:14Z">
          <reporter-output>
          </reporter-output>
        </test-method> <!-- TestCaseGet -->
      </class> <!-- org.testing.testScripts.getRequestTC -->
      <class name="org.testing.testScripts.deleteRequestTestCase">
        <test-method status="PASS" signature="deleteRequestTC()[pri:0, instance:org.testing.testScripts.deleteRequestTestCase@5c3bd550]" name="deleteRequestTC" duration-ms="9450" started-at="2020-08-26T13:34:14Z" finished-at="2020-08-26T13:34:23Z">
          <reporter-output>
          </reporter-output>
        </test-method> <!-- deleteRequestTC -->
        <test-method status="PASS" signature="deleteRequestTC()[pri:0, instance:org.testing.testScripts.deleteRequestTestCase@5c3bd550]" name="deleteRequestTC" is-config="true" duration-ms="693" started-at="2020-08-26T13:34:28Z" finished-at="2020-08-26T13:34:29Z">
          <reporter-output>
          </reporter-output>
        </test-method> <!-- deleteRequestTC -->
      </class> <!-- org.testing.testScripts.deleteRequestTestCase -->
      <class name="org.testing.testScripts.getRequestUsingQueryParams">
        <test-method status="PASS" signature="TestCaseGetQueryParams()[pri:0, instance:org.testing.testScripts.getRequestUsingQueryParams@91161c7]" name="TestCaseGetQueryParams" duration-ms="83" started-at="2020-08-26T13:34:14Z" finished-at="2020-08-26T13:34:14Z">
          <reporter-output>
          </reporter-output>
        </test-method> <!-- TestCaseGetQueryParams -->
      </class> <!-- org.testing.testScripts.getRequestUsingQueryParams -->
      <class name="org.testing.testScripts.PutRequestTestCase">
        <test-method status="PASS" signature="putRequest()[pri:0, instance:org.testing.testScripts.PutRequestTestCase@1bce4f0a]" name="putRequest" duration-ms="102" started-at="2020-08-26T13:34:13Z" finished-at="2020-08-26T13:34:14Z">
          <reporter-output>
          </reporter-output>
        </test-method> <!-- putRequest -->
      </class> <!-- org.testing.testScripts.PutRequestTestCase -->
    </test> <!-- Default test -->
  </suite> <!-- Default suite -->
</testng-results>
