<?xml version="1.0" encoding="UTF-8"?>
<testng-results skipped="0" failed="0" total="6" passed="6">
  <reporter-output>
  </reporter-output>
  <suite name="Suite" duration-ms="2910" started-at="2020-08-04T11:00:22Z" finished-at="2020-08-04T11:00:25Z">
    <groups>
    </groups>
    <test name="Test" duration-ms="2910" started-at="2020-08-04T11:00:22Z" finished-at="2020-08-04T11:00:25Z">
      <class name="org.testing.testScripts.postRequestTestCase">
        <test-method status="PASS" signature="postRequestTC()[pri:0, instance:org.testing.testScripts.postRequestTestCase@5419f379]" name="postRequestTC" duration-ms="2478" started-at="2020-08-04T16:30:22Z" finished-at="2020-08-04T16:30:24Z">
          <reporter-output>
          </reporter-output>
        </test-method> <!-- postRequestTC -->
      </class> <!-- org.testing.testScripts.postRequestTestCase -->
      <class name="org.testing.testScripts.patchRequestTestCase">
        <test-method status="PASS" signature="patchRequest()[pri:0, instance:org.testing.testScripts.patchRequestTestCase@7c16905e]" name="patchRequest" duration-ms="48" started-at="2020-08-04T16:30:24Z" finished-at="2020-08-04T16:30:24Z">
          <reporter-output>
          </reporter-output>
        </test-method> <!-- patchRequest -->
      </class> <!-- org.testing.testScripts.patchRequestTestCase -->
      <class name="org.testing.testScripts.deleteRequestTestCase">
        <test-method status="PASS" signature="deleteRequestTC()[pri:0, instance:org.testing.testScripts.deleteRequestTestCase@2a2d45ba]" name="deleteRequestTC" duration-ms="32" started-at="2020-08-04T16:30:24Z" finished-at="2020-08-04T16:30:25Z">
          <reporter-output>
          </reporter-output>
        </test-method> <!-- deleteRequestTC -->
      </class> <!-- org.testing.testScripts.deleteRequestTestCase -->
      <class name="org.testing.testScripts.getRequestTC">
        <test-method status="PASS" signature="TestCaseGet()[pri:0, instance:org.testing.testScripts.getRequestTC@4f933fd1]" name="TestCaseGet" duration-ms="95" started-at="2020-08-04T16:30:24Z" finished-at="2020-08-04T16:30:24Z">
          <reporter-output>
          </reporter-output>
        </test-method> <!-- TestCaseGet -->
      </class> <!-- org.testing.testScripts.getRequestTC -->
      <class name="org.testing.testScripts.getRequestUsingQueryParams">
        <test-method status="PASS" signature="TestCaseGetQueryParams()[pri:0, instance:org.testing.testScripts.getRequestUsingQueryParams@548a9f61]" name="TestCaseGetQueryParams" duration-ms="69" started-at="2020-08-04T16:30:24Z" finished-at="2020-08-04T16:30:24Z">
          <reporter-output>
          </reporter-output>
        </test-method> <!-- TestCaseGetQueryParams -->
      </class> <!-- org.testing.testScripts.getRequestUsingQueryParams -->
      <class name="org.testing.testScripts.PutRequestTestCase">
        <test-method status="PASS" signature="putRequest()[pri:0, instance:org.testing.testScripts.PutRequestTestCase@1753acfe]" name="putRequest" duration-ms="133" started-at="2020-08-04T16:30:24Z" finished-at="2020-08-04T16:30:24Z">
          <reporter-output>
          </reporter-output>
        </test-method> <!-- putRequest -->
      </class> <!-- org.testing.testScripts.PutRequestTestCase -->
    </test> <!-- Test -->
  </suite> <!-- Suite -->
</testng-results>
